<?xml version="1.0" encoding="UTF-8"?>
<!-- Generated by org.testng.reporters.JUnitReportReporter -->
<testsuite skipped="0" hostname="mbilawal-lt" name="TestNG.PetStoreSmokeTestNG.smokeSuite" tests="6" failures="0" timestamp="2020-07-19T06:38:04 PKT" time="17.303" errors="0">
  <testcase name="AddPet" time="6.370" classname="TestNG.PetStoreSmokeTestNG.smokeSuite"/>
  <system-out/>
  <testcase name="FindPet" time="2.989" classname="TestNG.PetStoreSmokeTestNG.smokeSuite"/>
  <system-out/>
  <testcase name="UpdatePet" time="2.334" classname="TestNG.PetStoreSmokeTestNG.smokeSuite"/>
  <system-out/>
  <testcase name="VerifyPetUpdate" time="2.850" classname="TestNG.PetStoreSmokeTestNG.smokeSuite"/>
  <system-out/>
  <testcase name="DeletePet" time="1.323" classname="TestNG.PetStoreSmokeTestNG.smokeSuite"/>
  <system-out/>
  <testcase name="VerifyPetDelete" time="1.437" classname="TestNG.PetStoreSmokeTestNG.smokeSuite"/>
  <system-out/>
</testsuite> <!-- TestNG.PetStoreSmokeTestNG.smokeSuite -->
